#
# There is insufficient memory for the Java Runtime Environment to continue.
# Native memory allocation (mmap) failed to map 2030043136 bytes for committing reserved memory.
# Possible reasons:
#   The system is out of physical RAM or swap space
#   In 32 bit mode, the process size limit was hit
# Possible solutions:
#   Reduce memory load on the system
#   Increase physical memory or swap space
#   Check if swap backing store is full
#   Use 64 bit Java on a 64 bit OS
#   Decrease Java heap size (-Xmx/-Xms)
#   Decrease number of Java threads
#   Decrease Java thread stack sizes (-Xss)
#   Set larger code cache with -XX:ReservedCodeCacheSize=
# This output file may be truncated or incomplete.
#
#  Out of Memory Error (os_linux.cpp:2640), pid=7262, tid=0x00007fd85aa45700
#
# JRE version: Java(TM) SE Runtime Environment (8.0_161-b12) (build 1.8.0_161-b12)
# Java VM: Java HotSpot(TM) 64-Bit Server VM (25.161-b12 mixed mode linux-amd64 compressed oops)
# Failed to write core dump. Core dumps have been disabled. To enable core dumping, try "ulimit -c unlimited" before starting Java again
#

---------------  T H R E A D  ---------------

Current thread (0x00007fd87c084800):  VMThread [stack: 0x00007fd85a945000,0x00007fd85aa46000] [id=7274]

Stack: [0x00007fd85a945000,0x00007fd85aa46000],  sp=0x00007fd85aa44120,  free space=1020k
Native frames: (J=compiled Java code, j=interpreted, Vv=VM code, C=native code)
V  [libjvm.so+0xacf94a]  VMError::report_and_die()+0x2ba
V  [libjvm.so+0x50050b]  report_vm_out_of_memory(char const*, int, unsigned long, VMErrorType, char const*)+0x8b
V  [libjvm.so+0x92b133]  os::Linux::commit_memory_impl(char*, unsigned long, bool)+0x103
V  [libjvm.so+0x92b5c9]  os::pd_commit_memory(char*, unsigned long, unsigned long, bool)+0x29
V  [libjvm.so+0x924c0a]  os::commit_memory(char*, unsigned long, unsigned long, bool)+0x2a
V  [libjvm.so+0x99ab53]  PSVirtualSpace::expand_by(unsigned long)+0x53
V  [libjvm.so+0x99bf58]  PSYoungGen::resize_generation(unsigned long, unsigned long)+0xf8
V  [libjvm.so+0x99b0b2]  PSYoungGen::resize(unsigned long, unsigned long)+0x22
V  [libjvm.so+0x99838b]  PSScavenge::invoke_no_policy()+0xf3b
V  [libjvm.so+0x998b11]  PSScavenge::invoke()+0x41
V  [libjvm.so+0x94f5a0]  ParallelScavengeHeap::failed_mem_allocate(unsigned long)+0x70
V  [libjvm.so+0xad13c7]  VM_ParallelGCFailedAllocation::doit()+0x97
V  [libjvm.so+0xad8ed5]  VM_Operation::evaluate()+0x55
V  [libjvm.so+0xad729a]  VMThread::evaluate_operation(VM_Operation*)+0xba
V  [libjvm.so+0xad761e]  VMThread::loop()+0x1ce
V  [libjvm.so+0xad7a90]  VMThread::run()+0x70
V  [libjvm.so+0x92da28]  java_start(Thread*)+0x108

VM_Operation (0x00007fd8859a6340): ParallelGCFailedAllocation, mode: safepoint, requested by thread 0x00007fd87c00a800


---------------  P R O C E S S  ---------------

Java Threads: ( => current thread )
  0x00007fd87c26a000 JavaThread "AWT-XAWT" daemon [_thread_in_native, id=7287, stack(0x00007fd85024e000,0x00007fd85034f000)]
  0x00007fd87c1bd800 JavaThread "Java2D Disposer" daemon [_thread_blocked, id=7284, stack(0x00007fd8582be000,0x00007fd8583bf000)]
  0x00007fd87c0cf800 JavaThread "Service Thread" daemon [_thread_blocked, id=7282, stack(0x00007fd859e65000,0x00007fd859f66000)]
  0x00007fd87c0cc800 JavaThread "C1 CompilerThread3" daemon [_thread_blocked, id=7281, stack(0x00007fd859f66000,0x00007fd85a067000)]
  0x00007fd87c0ca800 JavaThread "C2 CompilerThread2" daemon [_thread_blocked, id=7280, stack(0x00007fd85a067000,0x00007fd85a168000)]
  0x00007fd87c0c8800 JavaThread "C2 CompilerThread1" daemon [_thread_blocked, id=7279, stack(0x00007fd85a168000,0x00007fd85a269000)]
  0x00007fd87c0c5800 JavaThread "C2 CompilerThread0" daemon [_thread_blocked, id=7278, stack(0x00007fd85a269000,0x00007fd85a36a000)]
  0x00007fd87c0c4000 JavaThread "Signal Dispatcher" daemon [_thread_blocked, id=7277, stack(0x00007fd85a36a000,0x00007fd85a46b000)]
  0x00007fd87c090800 JavaThread "Finalizer" daemon [_thread_blocked, id=7276, stack(0x00007fd85a743000,0x00007fd85a844000)]
  0x00007fd87c08c000 JavaThread "Reference Handler" daemon [_thread_blocked, id=7275, stack(0x00007fd85a844000,0x00007fd85a945000)]
  0x00007fd87c00a800 JavaThread "main" [_thread_blocked, id=7263, stack(0x00007fd8858a7000,0x00007fd8859a8000)]

Other Threads:
=>0x00007fd87c084800 VMThread [stack: 0x00007fd85a945000,0x00007fd85aa46000] [id=7274]
  0x00007fd87c0d4800 WatcherThread [stack: 0x00007fd859d64000,0x00007fd859e65000] [id=7283]

VM state:at safepoint (normal execution)

VM Mutex/Monitor currently owned by a thread:  ([mutex/lock_event])
[0x00007fd87c006a60] Threads_lock - owner thread: 0x00007fd87c084800
[0x00007fd87c006f60] Heap_lock - owner thread: 0x00007fd87c00a800

Heap:
 PSYoungGen      total 3307008K, used 64K [0x0000000670e00000, 0x000000073af00000, 0x00000007c0000000)
  eden space 3303424K, 0% used [0x0000000670e00000,0x0000000670e00000,0x000000073a800000)
  from space 3584K, 1% used [0x000000073a800000,0x000000073a810000,0x000000073ab80000)
  to   space 3584K, 0% used [0x000000073ab80000,0x000000073ab80000,0x000000073af00000)
 ParOldGen       total 687104K, used 2084K [0x00000003d2a00000, 0x00000003fc900000, 0x0000000670e00000)
  object space 687104K, 0% used [0x00000003d2a00000,0x00000003d2c090b0,0x00000003fc900000)
 Metaspace       used 10537K, capacity 10770K, committed 11136K, reserved 1058816K
  class space    used 1214K, capacity 1309K, committed 1408K, reserved 1048576K

Card table byte_map: [0x00007fd8806eb000,0x00007fd882657000] byte_map_base: 0x00007fd87e856000

Marking Bits: (ParMarkBitMap*) 0x00007fd884d8e920
 Begin Bits: [0x00007fd80c950000, 0x00007fd81c4a8000)
 End Bits:   [0x00007fd81c4a8000, 0x00007fd82c000000)

Polling page: 0x00007fd8859e0000

CodeCache: size=245760Kb used=3013Kb max_used=3013Kb free=242746Kb
 bounds [0x00007fd86d000000, 0x00007fd86d300000, 0x00007fd87c000000]
 total_blobs=1257 nmethods=774 adapters=397
 compilation: enabled

Compilation events (10 events):
Event: 57.666 Thread 0x00007fd87c0cc800  775       3       java.lang.ref.ReferenceQueue::reallyPoll (66 bytes)
Event: 57.667 Thread 0x00007fd87c0cc800 nmethod 775 0x00007fd86d2e5dd0 code [0x00007fd86d2e5f60, 0x00007fd86d2e63f0]
Event: 59.048 Thread 0x00007fd87c0cc800  776       3       sun.awt.X11.XToolkit::getDisplay (20 bytes)
Event: 59.049 Thread 0x00007fd87c0cc800 nmethod 776 0x00007fd86d2e3f50 code [0x00007fd86d2e40a0, 0x00007fd86d2e41f0]
Event: 74.574 Thread 0x00007fd87c0cc800  777       3       sun.awt.SunToolkit::awtLock (7 bytes)
Event: 74.575 Thread 0x00007fd87c0cc800 nmethod 777 0x00007fd86d2e9450 code [0x00007fd86d2e95c0, 0x00007fd86d2e98a8]
Event: 74.575 Thread 0x00007fd87c0cc800  778       3       java.util.concurrent.locks.ReentrantLock::lock (8 bytes)
Event: 74.575 Thread 0x00007fd87c0cc800 nmethod 778 0x00007fd86d2f2190 code [0x00007fd86d2f2300, 0x00007fd86d2f2528]
Event: 74.576 Thread 0x00007fd87c0cc800  779       3       sun.awt.SunToolkit::awtUnlock (7 bytes)
Event: 74.576 Thread 0x00007fd87c0cc800 nmethod 779 0x00007fd86d2f1c10 code [0x00007fd86d2f1d80, 0x00007fd86d2f2068]

GC Heap History (10 events):
Event: 60.348 GC heap after
Heap after GC invocations=6 (full 0):
 PSYoungGen      total 1034752K, used 2112K [0x0000000670e00000, 0x00000006b0300000, 0x00000007c0000000)
  eden space 1032192K, 0% used [0x0000000670e00000,0x0000000670e00000,0x00000006afe00000)
  from space 2560K, 82% used [0x00000006b0080000,0x00000006b0290000,0x00000006b0300000)
  to   space 2560K, 0% used [0x00000006afe00000,0x00000006afe00000,0x00000006b0080000)
 ParOldGen       total 687104K, used 24K [0x00000003d2a00000, 0x00000003fc900000, 0x0000000670e00000)
  object space 687104K, 0% used [0x00000003d2a00000,0x00000003d2a06000,0x00000003fc900000)
 Metaspace       used 10535K, capacity 10770K, committed 11136K, reserved 1058816K
  class space    used 1214K, capacity 1309K, committed 1408K, reserved 1048576K
}
Event: 61.826 GC heap before
{Heap before GC invocations=7 (full 0):
 PSYoungGen      total 1034752K, used 1034304K [0x0000000670e00000, 0x00000006b0300000, 0x00000007c0000000)
  eden space 1032192K, 100% used [0x0000000670e00000,0x00000006afe00000,0x00000006afe00000)
  from space 2560K, 82% used [0x00000006b0080000,0x00000006b0290000,0x00000006b0300000)
  to   space 2560K, 0% used [0x00000006afe00000,0x00000006afe00000,0x00000006b0080000)
 ParOldGen       total 687104K, used 24K [0x00000003d2a00000, 0x00000003fc900000, 0x0000000670e00000)
  object space 687104K, 0% used [0x00000003d2a00000,0x00000003d2a06000,0x00000003fc900000)
 Metaspace       used 10535K, capacity 10770K, committed 11136K, reserved 1058816K
  class space    used 1214K, capacity 1309K, committed 1408K, reserved 1048576K
Event: 61.864 GC heap after
Heap after GC invocations=7 (full 0):
 PSYoungGen      total 1034752K, used 32K [0x0000000670e00000, 0x00000006ef400000, 0x00000007c0000000)
  eden space 1032192K, 0% used [0x0000000670e00000,0x0000000670e00000,0x00000006afe00000)
  from space 2560K, 1% used [0x00000006afe00000,0x00000006afe08000,0x00000006b0080000)
  to   space 3072K, 0% used [0x00000006ef100000,0x00000006ef100000,0x00000006ef400000)
 ParOldGen       total 687104K, used 2084K [0x00000003d2a00000, 0x00000003fc900000, 0x0000000670e00000)
  object space 687104K, 0% used [0x00000003d2a00000,0x00000003d2c090b0,0x00000003fc900000)
 Metaspace       used 10535K, capacity 10770K, committed 11136K, reserved 1058816K
  class space    used 1214K, capacity 1309K, committed 1408K, reserved 1048576K
}
Event: 63.031 GC heap before
{Heap before GC invocations=8 (full 0):
 PSYoungGen      total 1034752K, used 1032224K [0x0000000670e00000, 0x00000006ef400000, 0x00000007c0000000)
  eden space 1032192K, 100% used [0x0000000670e00000,0x00000006afe00000,0x00000006afe00000)
  from space 2560K, 1% used [0x00000006afe00000,0x00000006afe08000,0x00000006b0080000)
  to   space 3072K, 0% used [0x00000006ef100000,0x00000006ef100000,0x00000006ef400000)
 ParOldGen       total 687104K, used 2084K [0x00000003d2a00000, 0x00000003fc900000, 0x0000000670e00000)
  object space 687104K, 0% used [0x00000003d2a00000,0x00000003d2c090b0,0x00000003fc900000)
 Metaspace       used 10535K, capacity 10770K, committed 11136K, reserved 1058816K
  class space    used 1214K, capacity 1309K, committed 1408K, reserved 1048576K
Event: 63.035 GC heap after
Heap after GC invocations=8 (full 0):
 PSYoungGen      total 2067456K, used 32K [0x0000000670e00000, 0x00000006ef400000, 0x00000007c0000000)
  eden space 2064384K, 0% used [0x0000000670e00000,0x0000000670e00000,0x00000006eee00000)
  from space 3072K, 1% used [0x00000006ef100000,0x00000006ef108000,0x00000006ef400000)
  to   space 3072K, 0% used [0x00000006eee00000,0x00000006eee00000,0x00000006ef100000)
 ParOldGen       total 687104K, used 2084K [0x00000003d2a00000, 0x00000003fc900000, 0x0000000670e00000)
  object space 687104K, 0% used [0x00000003d2a00000,0x00000003d2c090b0,0x00000003fc900000)
 Metaspace       used 10535K, capacity 10770K, committed 11136K, reserved 1058816K
  class space    used 1214K, capacity 1309K, committed 1408K, reserved 1048576K
}
Event: 66.274 GC heap before
{Heap before GC invocations=9 (full 0):
 PSYoungGen      total 2067456K, used 2064416K [0x0000000670e00000, 0x00000006ef400000, 0x00000007c0000000)
  eden space 2064384K, 100% used [0x0000000670e00000,0x00000006eee00000,0x00000006eee00000)
  from space 3072K, 1% used [0x00000006ef100000,0x00000006ef108000,0x00000006ef400000)
  to   space 3072K, 0% used [0x00000006eee00000,0x00000006eee00000,0x00000006ef100000)
 ParOldGen       total 687104K, used 2084K [0x00000003d2a00000, 0x00000003fc900000, 0x0000000670e00000)
  object space 687104K, 0% used [0x00000003d2a00000,0x00000003d2c090b0,0x00000003fc900000)
 Metaspace       used 10535K, capacity 10770K, committed 11136K, reserved 1058816K
  class space    used 1214K, capacity 1309K, committed 1408K, reserved 1048576K
Event: 66.281 GC heap after
Heap after GC invocations=9 (full 0):
 PSYoungGen      total 2067456K, used 32K [0x0000000670e00000, 0x000000073af00000, 0x00000007c0000000)
  eden space 2064384K, 0% used [0x0000000670e00000,0x0000000670e00000,0x00000006eee00000)
  from space 3072K, 1% used [0x00000006eee00000,0x00000006eee08000,0x00000006ef100000)
  to   space 3584K, 0% used [0x000000073ab80000,0x000000073ab80000,0x000000073af00000)
 ParOldGen       total 687104K, used 2084K [0x00000003d2a00000, 0x00000003fc900000, 0x0000000670e00000)
  object space 687104K, 0% used [0x00000003d2a00000,0x00000003d2c090b0,0x00000003fc900000)
 Metaspace       used 10535K, capacity 10770K, committed 11136K, reserved 1058816K
  class space    used 1214K, capacity 1309K, committed 1408K, reserved 1048576K
}
Event: 68.527 GC heap before
{Heap before GC invocations=10 (full 0):
 PSYoungGen      total 2067456K, used 2064416K [0x0000000670e00000, 0x000000073af00000, 0x00000007c0000000)
  eden space 2064384K, 100% used [0x0000000670e00000,0x00000006eee00000,0x00000006eee00000)
  from space 3072K, 1% used [0x00000006eee00000,0x00000006eee08000,0x00000006ef100000)
  to   space 3584K, 0% used [0x000000073ab80000,0x000000073ab80000,0x000000073af00000)
 ParOldGen       total 687104K, used 2084K [0x00000003d2a00000, 0x00000003fc900000, 0x0000000670e00000)
  object space 687104K, 0% used [0x00000003d2a00000,0x00000003d2c090b0,0x00000003fc900000)
 Metaspace       used 10535K, capacity 10770K, committed 11136K, reserved 1058816K
  class space    used 1214K, capacity 1309K, committed 1408K, reserved 1048576K
Event: 68.531 GC heap after
Heap after GC invocations=10 (full 0):
 PSYoungGen      total 3307008K, used 32K [0x0000000670e00000, 0x000000073af00000, 0x00000007c0000000)
  eden space 3303424K, 0% used [0x0000000670e00000,0x0000000670e00000,0x000000073a800000)
  from space 3584K, 0% used [0x000000073ab80000,0x000000073ab88000,0x000000073af00000)
  to   space 3584K, 0% used [0x000000073a800000,0x000000073a800000,0x000000073ab80000)
 ParOldGen       total 687104K, used 2084K [0x00000003d2a00000, 0x00000003fc900000, 0x0000000670e00000)
  object space 687104K, 0% used [0x00000003d2a00000,0x00000003d2c090b0,0x00000003fc900000)
 Metaspace       used 10535K, capacity 10770K, committed 11136K, reserved 1058816K
  class space    used 1214K, capacity 1309K, committed 1408K, reserved 1048576K
}
Event: 77.522 GC heap before
{Heap before GC invocations=11 (full 0):
 PSYoungGen      total 3307008K, used 3303456K [0x0000000670e00000, 0x000000073af00000, 0x00000007c0000000)
  eden space 3303424K, 100% used [0x0000000670e00000,0x000000073a800000,0x000000073a800000)
  from space 3584K, 0% used [0x000000073ab80000,0x000000073ab88000,0x000000073af00000)
  to   space 3584K, 0% used [0x000000073a800000,0x000000073a800000,0x000000073ab80000)
 ParOldGen       total 687104K, used 2084K [0x00000003d2a00000, 0x00000003fc900000, 0x0000000670e00000)
  object space 687104K, 0% used [0x00000003d2a00000,0x00000003d2c090b0,0x00000003fc900000)
 Metaspace       used 10537K, capacity 10770K, committed 11136K, reserved 1058816K
  class space    used 1214K, capacity 1309K, committed 1408K, reserved 1048576K

Deoptimization events (2 events):
Event: 0.858 Thread 0x00007fd87c00a800 Uncommon trap: reason=unstable_if action=reinterpret pc=0x00007fd86d133344 method=java.lang.String.indexOf(II)I @ 49
Event: 2.054 Thread 0x00007fd87c00a800 Uncommon trap: reason=unstable_if action=reinterpret pc=0x00007fd86d1f20a4 method=java.util.HashMap.getNode(ILjava/lang/Object;)Ljava/util/HashMap$Node; @ 62

Classes redefined (0 events):
No events

Internal exceptions (10 events):
Event: 1.620 Thread 0x00007fd87c00a800 Exception <a 'java/lang/NullPointerException'> (0x00000006712a7ea8) thrown at [/HUDSON/workspace/8-2-build-linux-amd64/jdk8u161/10277/hotspot/src/share/vm/interpreter/linkResolver.cpp, line 1185]
Event: 1.620 Thread 0x00007fd87c00a800 Exception <a 'java/lang/NullPointerException'> (0x00000006712a8940) thrown at [/HUDSON/workspace/8-2-build-linux-amd64/jdk8u161/10277/hotspot/src/share/vm/interpreter/linkResolver.cpp, line 1185]
Event: 1.620 Thread 0x00007fd87c00a800 Exception <a 'java/lang/NullPointerException'> (0x00000006712a8d90) thrown at [/HUDSON/workspace/8-2-build-linux-amd64/jdk8u161/10277/hotspot/src/share/vm/interpreter/linkResolver.cpp, line 1185]
Event: 2.076 Thread 0x00007fd87c00a800 Exception <a 'java/lang/ArrayIndexOutOfBoundsException': 18> (0x0000000671a53ee0) thrown at [/HUDSON/workspace/8-2-build-linux-amd64/jdk8u161/10277/hotspot/src/share/vm/interpreter/interpreterRuntime.cpp, line 366]
Event: 2.078 Thread 0x00007fd87c00a800 Exception <a 'java/lang/ArrayIndexOutOfBoundsException'> (0x0000000671a559f0) thrown at [/HUDSON/workspace/8-2-build-linux-amd64/jdk8u161/10277/hotspot/src/share/vm/runtime/sharedRuntime.cpp, line 605]
Event: 2.087 Thread 0x00007fd87c00a800 Exception <a 'java/lang/ArrayIndexOutOfBoundsException'> (0x0000000671a5a3c8) thrown at [/HUDSON/workspace/8-2-build-linux-amd64/jdk8u161/10277/hotspot/src/share/vm/runtime/sharedRuntime.cpp, line 605]
Event: 2.089 Thread 0x00007fd87c00a800 Exception <a 'java/lang/ArrayIndexOutOfBoundsException'> (0x0000000671a5b930) thrown at [/HUDSON/workspace/8-2-build-linux-amd64/jdk8u161/10277/hotspot/src/share/vm/runtime/sharedRuntime.cpp, line 605]
Event: 2.098 Thread 0x00007fd87c00a800 Exception <a 'java/lang/ArrayIndexOutOfBoundsException'> (0x0000000671a61e88) thrown at [/HUDSON/workspace/8-2-build-linux-amd64/jdk8u161/10277/hotspot/src/share/vm/runtime/sharedRuntime.cpp, line 605]
Event: 2.099 Thread 0x00007fd87c00a800 Exception <a 'java/lang/ArrayIndexOutOfBoundsException'> (0x0000000671a63400) thrown at [/HUDSON/workspace/8-2-build-linux-amd64/jdk8u161/10277/hotspot/src/share/vm/runtime/sharedRuntime.cpp, line 605]
Event: 2.105 Thread 0x00007fd87c00a800 Exception <a 'java/lang/ArrayIndexOutOfBoundsException'> (0x0000000671a67758) thrown at [/HUDSON/workspace/8-2-build-linux-amd64/jdk8u161/10277/hotspot/src/share/vm/runtime/sharedRuntime.cpp, line 605]

Events (10 events):
Event: 60.348 Executing VM operation: ParallelGCFailedAllocation done
Event: 61.826 Executing VM operation: ParallelGCFailedAllocation
Event: 61.864 Executing VM operation: ParallelGCFailedAllocation done
Event: 63.031 Executing VM operation: ParallelGCFailedAllocation
Event: 63.036 Executing VM operation: ParallelGCFailedAllocation done
Event: 66.274 Executing VM operation: ParallelGCFailedAllocation
Event: 66.281 Executing VM operation: ParallelGCFailedAllocation done
Event: 68.527 Executing VM operation: ParallelGCFailedAllocation
Event: 68.531 Executing VM operation: ParallelGCFailedAllocation done
Event: 77.522 Executing VM operation: ParallelGCFailedAllocation


Dynamic libraries:
00400000-00401000 r-xp 00000000 08:12 14289161                           /usr/lib/jvm/java-8-oracle/jre/bin/java
00600000-00601000 rw-p 00000000 08:12 14289161                           /usr/lib/jvm/java-8-oracle/jre/bin/java
02013000-02034000 rw-p 00000000 00:00 0                                  [heap]
3d2a00000-3fc900000 rw-p 00000000 00:00 0 
3fc900000-670e00000 ---p 00000000 00:00 0 
670e00000-73af00000 rw-p 00000000 00:00 0 
7b3f00000-7c0000000 ---p 00000000 00:00 0 
7c0000000-7c0160000 rw-p 00000000 00:00 0 
7c0160000-800000000 ---p 00000000 00:00 0 
7fd7d8000000-7fd7d8021000 rw-p 00000000 00:00 0 
7fd7d8021000-7fd7dc000000 ---p 00000000 00:00 0 
7fd7dc000000-7fd7dc021000 rw-p 00000000 00:00 0 
7fd7dc021000-7fd7e0000000 ---p 00000000 00:00 0 
7fd7e0000000-7fd7e0021000 rw-p 00000000 00:00 0 
7fd7e0021000-7fd7e4000000 ---p 00000000 00:00 0 
7fd7e4000000-7fd7e4021000 rw-p 00000000 00:00 0 
7fd7e4021000-7fd7e8000000 ---p 00000000 00:00 0 
7fd7e8000000-7fd7e8398000 rw-p 00000000 00:00 0 
7fd7e8398000-7fd7ec000000 ---p 00000000 00:00 0 
7fd7ec000000-7fd7ec369000 rw-p 00000000 00:00 0 
7fd7ec369000-7fd7f0000000 ---p 00000000 00:00 0 
7fd7f0000000-7fd7f0246000 rw-p 00000000 00:00 0 
7fd7f0246000-7fd7f4000000 ---p 00000000 00:00 0 
7fd7f4000000-7fd7f42aa000 rw-p 00000000 00:00 0 
7fd7f42aa000-7fd7f8000000 ---p 00000000 00:00 0 
7fd7f8000000-7fd7f8021000 rw-p 00000000 00:00 0 
7fd7f8021000-7fd7fc000000 ---p 00000000 00:00 0 
7fd7fc000000-7fd7fc021000 rw-p 00000000 00:00 0 
7fd7fc021000-7fd800000000 ---p 00000000 00:00 0 
7fd800000000-7fd800021000 rw-p 00000000 00:00 0 
7fd800021000-7fd804000000 ---p 00000000 00:00 0 
7fd808000000-7fd80828f000 rw-p 00000000 00:00 0 
7fd80828f000-7fd80c000000 ---p 00000000 00:00 0 
7fd80c950000-7fd82c000000 rw-p 00000000 00:00 0 
7fd82c000000-7fd82c021000 rw-p 00000000 00:00 0 
7fd82c021000-7fd830000000 ---p 00000000 00:00 0 
7fd830000000-7fd830021000 rw-p 00000000 00:00 0 
7fd830021000-7fd834000000 ---p 00000000 00:00 0 
7fd834000000-7fd834021000 rw-p 00000000 00:00 0 
7fd834021000-7fd838000000 ---p 00000000 00:00 0 
7fd83c000000-7fd83c021000 rw-p 00000000 00:00 0 
7fd83c021000-7fd840000000 ---p 00000000 00:00 0 
7fd844000000-7fd844021000 rw-p 00000000 00:00 0 
7fd844021000-7fd848000000 ---p 00000000 00:00 0 
7fd84c000000-7fd84c021000 rw-p 00000000 00:00 0 
7fd84c021000-7fd850000000 ---p 00000000 00:00 0 
7fd85024e000-7fd850251000 ---p 00000000 00:00 0 
7fd850251000-7fd85034f000 rw-p 00000000 00:00 0 
7fd85034f000-7fd850354000 r-xp 00000000 08:12 10487719                   /usr/lib/x86_64-linux-gnu/libXfixes.so.3.1.0
7fd850354000-7fd850553000 ---p 00005000 08:12 10487719                   /usr/lib/x86_64-linux-gnu/libXfixes.so.3.1.0
7fd850553000-7fd850554000 r--p 00004000 08:12 10487719                   /usr/lib/x86_64-linux-gnu/libXfixes.so.3.1.0
7fd850554000-7fd850555000 rw-p 00005000 08:12 10487719                   /usr/lib/x86_64-linux-gnu/libXfixes.so.3.1.0
7fd850555000-7fd85055e000 r-xp 00000000 08:12 10489379                   /usr/lib/x86_64-linux-gnu/libXcursor.so.1.0.2
7fd85055e000-7fd85075d000 ---p 00009000 08:12 10489379                   /usr/lib/x86_64-linux-gnu/libXcursor.so.1.0.2
7fd85075d000-7fd85075e000 r--p 00008000 08:12 10489379                   /usr/lib/x86_64-linux-gnu/libXcursor.so.1.0.2
7fd85075e000-7fd85075f000 rw-p 00009000 08:12 10489379                   /usr/lib/x86_64-linux-gnu/libXcursor.so.1.0.2
7fd85075f000-7fd850770000 r-xp 00000000 08:12 14289450                   /usr/lib/jvm/java-8-oracle/jre/lib/amd64/libnio.so
7fd850770000-7fd85096f000 ---p 00011000 08:12 14289450                   /usr/lib/jvm/java-8-oracle/jre/lib/amd64/libnio.so
7fd85096f000-7fd850970000 rw-p 00010000 08:12 14289450                   /usr/lib/jvm/java-8-oracle/jre/lib/amd64/libnio.so
7fd850970000-7fd850af0000 rw-p 00000000 00:00 0 
7fd850af0000-7fd850b70000 ---p 00000000 00:00 0 
7fd850b70000-7fd850b86000 r-xp 00000000 08:12 205783565                  /lib/x86_64-linux-gnu/libgcc_s.so.1
7fd850b86000-7fd850d85000 ---p 00016000 08:12 205783565                  /lib/x86_64-linux-gnu/libgcc_s.so.1
7fd850d85000-7fd850d86000 rw-p 00015000 08:12 205783565                  /lib/x86_64-linux-gnu/libgcc_s.so.1
7fd850d86000-7fd850deb000 r-xp 00000000 08:12 14289428                   /usr/lib/jvm/java-8-oracle/jre/lib/amd64/libfontmanager.so
7fd850deb000-7fd850fea000 ---p 00065000 08:12 14289428                   /usr/lib/jvm/java-8-oracle/jre/lib/amd64/libfontmanager.so
7fd850fea000-7fd850fef000 rw-p 00064000 08:12 14289428                   /usr/lib/jvm/java-8-oracle/jre/lib/amd64/libfontmanager.so
7fd850fef000-7fd854000000 rw-p 00000000 00:00 0 
7fd854000000-7fd854021000 rw-p 00000000 00:00 0 
7fd854021000-7fd858000000 ---p 00000000 00:00 0 
7fd8580b5000-7fd8580be000 r-xp 00000000 08:12 14289455                   /usr/lib/jvm/java-8-oracle/jre/lib/amd64/libmanagement.so
7fd8580be000-7fd8582bd000 ---p 00009000 08:12 14289455                   /usr/lib/jvm/java-8-oracle/jre/lib/amd64/libmanagement.so
7fd8582bd000-7fd8582be000 rw-p 00008000 08:12 14289455                   /usr/lib/jvm/java-8-oracle/jre/lib/amd64/libmanagement.so
7fd8582be000-7fd8582c1000 ---p 00000000 00:00 0 
7fd8582c1000-7fd8583bf000 rw-p 00000000 00:00 0 
7fd8583bf000-7fd8583c4000 r-xp 00000000 08:12 10492566                   /usr/lib/x86_64-linux-gnu/libXdmcp.so.6.0.0
7fd8583c4000-7fd8585c3000 ---p 00005000 08:12 10492566                   /usr/lib/x86_64-linux-gnu/libXdmcp.so.6.0.0
7fd8585c3000-7fd8585c4000 r--p 00004000 08:12 10492566                   /usr/lib/x86_64-linux-gnu/libXdmcp.so.6.0.0
7fd8585c4000-7fd8585c5000 rw-p 00005000 08:12 10492566                   /usr/lib/x86_64-linux-gnu/libXdmcp.so.6.0.0
7fd8585c5000-7fd8585c7000 r-xp 00000000 08:12 10493283                   /usr/lib/x86_64-linux-gnu/libXau.so.6.0.0
7fd8585c7000-7fd8587c7000 ---p 00002000 08:12 10493283                   /usr/lib/x86_64-linux-gnu/libXau.so.6.0.0
7fd8587c7000-7fd8587c8000 r--p 00002000 08:12 10493283                   /usr/lib/x86_64-linux-gnu/libXau.so.6.0.0
7fd8587c8000-7fd8587c9000 rw-p 00003000 08:12 10493283                   /usr/lib/x86_64-linux-gnu/libXau.so.6.0.0
7fd8587c9000-7fd8587ea000 r-xp 00000000 08:12 10489932                   /usr/lib/x86_64-linux-gnu/libxcb.so.1.1.0
7fd8587ea000-7fd8589e9000 ---p 00021000 08:12 10489932                   /usr/lib/x86_64-linux-gnu/libxcb.so.1.1.0
7fd8589e9000-7fd8589ea000 r--p 00020000 08:12 10489932                   /usr/lib/x86_64-linux-gnu/libxcb.so.1.1.0
7fd8589ea000-7fd8589eb000 rw-p 00021000 08:12 10489932                   /usr/lib/x86_64-linux-gnu/libxcb.so.1.1.0
7fd8589eb000-7fd8589fa000 r-xp 00000000 08:12 10489363                   /usr/lib/x86_64-linux-gnu/libXi.so.6.1.0
7fd8589fa000-7fd858bf9000 ---p 0000f000 08:12 10489363                   /usr/lib/x86_64-linux-gnu/libXi.so.6.1.0
7fd858bf9000-7fd858bfa000 r--p 0000e000 08:12 10489363                   /usr/lib/x86_64-linux-gnu/libXi.so.6.1.0
7fd858bfa000-7fd858bfb000 rw-p 0000f000 08:12 10489363                   /usr/lib/x86_64-linux-gnu/libXi.so.6.1.0
7fd858bfb000-7fd858c00000 r-xp 00000000 08:12 10493324                   /usr/lib/x86_64-linux-gnu/libXtst.so.6.1.0
7fd858c00000-7fd858dff000 ---p 00005000 08:12 10493324                   /usr/lib/x86_64-linux-gnu/libXtst.so.6.1.0
7fd858dff000-7fd858e00000 r--p 00004000 08:12 10493324                   /usr/lib/x86_64-linux-gnu/libXtst.so.6.1.0
7fd858e00000-7fd858e01000 rw-p 00005000 08:12 10493324                   /usr/lib/x86_64-linux-gnu/libXtst.so.6.1.0
7fd858e01000-7fd858e0a000 r-xp 00000000 08:12 10486878                   /usr/lib/x86_64-linux-gnu/libXrender.so.1.3.0
7fd858e0a000-7fd859009000 ---p 00009000 08:12 10486878                   /usr/lib/x86_64-linux-gnu/libXrender.so.1.3.0
7fd859009000-7fd85900a000 r--p 00008000 08:12 10486878                   /usr/lib/x86_64-linux-gnu/libXrender.so.1.3.0
7fd85900a000-7fd85900b000 rw-p 00009000 08:12 10486878                   /usr/lib/x86_64-linux-gnu/libXrender.so.1.3.0
7fd85900b000-7fd859140000 r-xp 00000000 08:12 10492554                   /usr/lib/x86_64-linux-gnu/libX11.so.6.3.0
7fd859140000-7fd859340000 ---p 00135000 08:12 10492554                   /usr/lib/x86_64-linux-gnu/libX11.so.6.3.0
7fd859340000-7fd859341000 r--p 00135000 08:12 10492554                   /usr/lib/x86_64-linux-gnu/libX11.so.6.3.0
7fd859341000-7fd859345000 rw-p 00136000 08:12 10492554                   /usr/lib/x86_64-linux-gnu/libX11.so.6.3.0
7fd859345000-7fd859356000 r-xp 00000000 08:12 10493522                   /usr/lib/x86_64-linux-gnu/libXext.so.6.4.0
7fd859356000-7fd859555000 ---p 00011000 08:12 10493522                   /usr/lib/x86_64-linux-gnu/libXext.so.6.4.0
7fd859555000-7fd859556000 r--p 00010000 08:12 10493522                   /usr/lib/x86_64-linux-gnu/libXext.so.6.4.0
7fd859556000-7fd859557000 rw-p 00011000 08:12 10493522                   /usr/lib/x86_64-linux-gnu/libXext.so.6.4.0
7fd85958c000-7fd8595e0000 r-xp 00000000 08:12 14289454                   /usr/lib/jvm/java-8-oracle/jre/lib/amd64/libawt_xawt.so
7fd8595e0000-7fd8597e0000 ---p 00054000 08:12 14289454                   /usr/lib/jvm/java-8-oracle/jre/lib/amd64/libawt_xawt.so
7fd8597e0000-7fd8597e4000 rw-p 00054000 08:12 14289454                   /usr/lib/jvm/java-8-oracle/jre/lib/amd64/libawt_xawt.so
7fd8597e4000-7fd8597e5000 rw-p 00000000 00:00 0 
7fd8597e5000-7fd859887000 r-xp 00000000 08:12 14289440                   /usr/lib/jvm/java-8-oracle/jre/lib/amd64/libawt.so
7fd859887000-7fd859a87000 ---p 000a2000 08:12 14289440                   /usr/lib/jvm/java-8-oracle/jre/lib/amd64/libawt.so
7fd859a87000-7fd859a93000 rw-p 000a2000 08:12 14289440                   /usr/lib/jvm/java-8-oracle/jre/lib/amd64/libawt.so
7fd859a93000-7fd859ab7000 rw-p 00000000 00:00 0 
7fd859ab7000-7fd859acd000 r-xp 00000000 08:12 14289447                   /usr/lib/jvm/java-8-oracle/jre/lib/amd64/libnet.so
7fd859acd000-7fd859ccd000 ---p 00016000 08:12 14289447                   /usr/lib/jvm/java-8-oracle/jre/lib/amd64/libnet.so
7fd859ccd000-7fd859cce000 rw-p 00016000 08:12 14289447                   /usr/lib/jvm/java-8-oracle/jre/lib/amd64/libnet.so
7fd859cce000-7fd859d64000 r--s 0110a000 08:12 14813565                   /usr/lib/jvm/java-8-oracle/jre/lib/ext/jfxrt.jar
7fd859d64000-7fd859d65000 ---p 00000000 00:00 0 
7fd859d65000-7fd859e65000 rw-p 00000000 00:00 0 
7fd859e65000-7fd859e68000 ---p 00000000 00:00 0 
7fd859e68000-7fd859f66000 rw-p 00000000 00:00 0 
7fd859f66000-7fd859f69000 ---p 00000000 00:00 0 
7fd859f69000-7fd85a067000 rw-p 00000000 00:00 0 
7fd85a067000-7fd85a06a000 ---p 00000000 00:00 0 
7fd85a06a000-7fd85a168000 rw-p 00000000 00:00 0 
7fd85a168000-7fd85a16b000 ---p 00000000 00:00 0 
7fd85a16b000-7fd85a269000 rw-p 00000000 00:00 0 
7fd85a269000-7fd85a26c000 ---p 00000000 00:00 0 
7fd85a26c000-7fd85a36a000 rw-p 00000000 00:00 0 
7fd85a36a000-7fd85a36d000 ---p 00000000 00:00 0 
7fd85a36d000-7fd85a46b000 rw-p 00000000 00:00 0 
7fd85a46b000-7fd85a743000 r--p 00000000 08:12 10488314                   /usr/lib/locale/locale-archive
7fd85a743000-7fd85a746000 ---p 00000000 00:00 0 
7fd85a746000-7fd85a844000 rw-p 00000000 00:00 0 
7fd85a844000-7fd85a847000 ---p 00000000 00:00 0 
7fd85a847000-7fd85a945000 rw-p 00000000 00:00 0 
7fd85a945000-7fd85a946000 ---p 00000000 00:00 0 
7fd85a946000-7fd85c000000 rw-p 00000000 00:00 0 
7fd85c000000-7fd85c021000 rw-p 00000000 00:00 0 
7fd85c021000-7fd860000000 ---p 00000000 00:00 0 
7fd860000000-7fd860021000 rw-p 00000000 00:00 0 
7fd860021000-7fd864000000 ---p 00000000 00:00 0 
7fd864000000-7fd864021000 rw-p 00000000 00:00 0 
7fd864021000-7fd868000000 ---p 00000000 00:00 0 
7fd86801c000-7fd868c8b000 rw-p 00000000 00:00 0 
7fd868c8b000-7fd868e64000 r--s 03d64000 08:12 14289389                   /usr/lib/jvm/java-8-oracle/jre/lib/rt.jar
7fd868e64000-7fd86b70a000 rw-p 00000000 00:00 0 
7fd86b70a000-7fd86b70b000 ---p 00000000 00:00 0 
7fd86b70b000-7fd86b80b000 rw-p 00000000 00:00 0 
7fd86b80b000-7fd86b80c000 ---p 00000000 00:00 0 
7fd86b80c000-7fd86b90c000 rw-p 00000000 00:00 0 
7fd86b90c000-7fd86b90d000 ---p 00000000 00:00 0 
7fd86b90d000-7fd86ba0d000 rw-p 00000000 00:00 0 
7fd86ba0d000-7fd86ba0e000 ---p 00000000 00:00 0 
7fd86ba0e000-7fd86bc5e000 rw-p 00000000 00:00 0 
7fd86bc5e000-7fd86d000000 ---p 00000000 00:00 0 
7fd86d000000-7fd86d300000 rwxp 00000000 00:00 0 
7fd86d300000-7fd87c000000 ---p 00000000 00:00 0 
7fd87c000000-7fd87c3ab000 rw-p 00000000 00:00 0 
7fd87c3ab000-7fd880000000 ---p 00000000 00:00 0 
7fd88000c000-7fd8800e5000 rw-p 00000000 00:00 0 
7fd8800e5000-7fd8800e6000 ---p 00000000 00:00 0 
7fd8800e6000-7fd8801e6000 rw-p 00000000 00:00 0 
7fd8801e6000-7fd8801e7000 ---p 00000000 00:00 0 
7fd8801e7000-7fd8802e7000 rw-p 00000000 00:00 0 
7fd8802e7000-7fd8802e8000 ---p 00000000 00:00 0 
7fd8802e8000-7fd8803e8000 rw-p 00000000 00:00 0 
7fd8803e8000-7fd8803e9000 ---p 00000000 00:00 0 
7fd8803e9000-7fd8804e9000 rw-p 00000000 00:00 0 
7fd8804e9000-7fd8804ea000 ---p 00000000 00:00 0 
7fd8804ea000-7fd8805ea000 rw-p 00000000 00:00 0 
7fd8805ea000-7fd8805eb000 ---p 00000000 00:00 0 
7fd8805eb000-7fd88083b000 rw-p 00000000 00:00 0 
7fd88083b000-7fd881bdd000 ---p 00000000 00:00 0 
7fd881bdd000-7fd88222e000 rw-p 00000000 00:00 0 
7fd88222e000-7fd882656000 ---p 00000000 00:00 0 
7fd882656000-7fd882663000 rw-p 00000000 00:00 0 
7fd882663000-7fd882a17000 ---p 00000000 00:00 0 
7fd882a17000-7fd882a32000 r-xp 00000000 08:12 14289443                   /usr/lib/jvm/java-8-oracle/jre/lib/amd64/libzip.so
7fd882a32000-7fd882c32000 ---p 0001b000 08:12 14289443                   /usr/lib/jvm/java-8-oracle/jre/lib/amd64/libzip.so
7fd882c32000-7fd882c33000 rw-p 0001b000 08:12 14289443                   /usr/lib/jvm/java-8-oracle/jre/lib/amd64/libzip.so
7fd882c33000-7fd882c3e000 r-xp 00000000 08:12 205784379                  /lib/x86_64-linux-gnu/libnss_files-2.23.so
7fd882c3e000-7fd882e3d000 ---p 0000b000 08:12 205784379                  /lib/x86_64-linux-gnu/libnss_files-2.23.so
7fd882e3d000-7fd882e3e000 r--p 0000a000 08:12 205784379                  /lib/x86_64-linux-gnu/libnss_files-2.23.so
7fd882e3e000-7fd882e3f000 rw-p 0000b000 08:12 205784379                  /lib/x86_64-linux-gnu/libnss_files-2.23.so
7fd882e3f000-7fd882e45000 rw-p 00000000 00:00 0 
7fd882e45000-7fd882e50000 r-xp 00000000 08:12 205784383                  /lib/x86_64-linux-gnu/libnss_nis-2.23.so
7fd882e50000-7fd88304f000 ---p 0000b000 08:12 205784383                  /lib/x86_64-linux-gnu/libnss_nis-2.23.so
7fd88304f000-7fd883050000 r--p 0000a000 08:12 205784383                  /lib/x86_64-linux-gnu/libnss_nis-2.23.so
7fd883050000-7fd883051000 rw-p 0000b000 08:12 205784383                  /lib/x86_64-linux-gnu/libnss_nis-2.23.so
7fd883051000-7fd883067000 r-xp 00000000 08:12 205783800                  /lib/x86_64-linux-gnu/libnsl-2.23.so
7fd883067000-7fd883266000 ---p 00016000 08:12 205783800                  /lib/x86_64-linux-gnu/libnsl-2.23.so
7fd883266000-7fd883267000 r--p 00015000 08:12 205783800                  /lib/x86_64-linux-gnu/libnsl-2.23.so
7fd883267000-7fd883268000 rw-p 00016000 08:12 205783800                  /lib/x86_64-linux-gnu/libnsl-2.23.so
7fd883268000-7fd88326a000 rw-p 00000000 00:00 0 
7fd88326a000-7fd883272000 r-xp 00000000 08:12 205784374                  /lib/x86_64-linux-gnu/libnss_compat-2.23.so
7fd883272000-7fd883471000 ---p 00008000 08:12 205784374                  /lib/x86_64-linux-gnu/libnss_compat-2.23.so
7fd883471000-7fd883472000 r--p 00007000 08:12 205784374                  /lib/x86_64-linux-gnu/libnss_compat-2.23.so
7fd883472000-7fd883473000 rw-p 00008000 08:12 205784374                  /lib/x86_64-linux-gnu/libnss_compat-2.23.so
7fd883473000-7fd88349e000 r-xp 00000000 08:12 14289437                   /usr/lib/jvm/java-8-oracle/jre/lib/amd64/libjava.so
7fd88349e000-7fd88369d000 ---p 0002b000 08:12 14289437                   /usr/lib/jvm/java-8-oracle/jre/lib/amd64/libjava.so
7fd88369d000-7fd88369f000 rw-p 0002a000 08:12 14289437                   /usr/lib/jvm/java-8-oracle/jre/lib/amd64/libjava.so
7fd88369f000-7fd8836ac000 r-xp 00000000 08:12 14289442                   /usr/lib/jvm/java-8-oracle/jre/lib/amd64/libverify.so
7fd8836ac000-7fd8838ac000 ---p 0000d000 08:12 14289442                   /usr/lib/jvm/java-8-oracle/jre/lib/amd64/libverify.so
7fd8838ac000-7fd8838ae000 rw-p 0000d000 08:12 14289442                   /usr/lib/jvm/java-8-oracle/jre/lib/amd64/libverify.so
7fd8838ae000-7fd8838b5000 r-xp 00000000 08:12 205784384                  /lib/x86_64-linux-gnu/librt-2.23.so
7fd8838b5000-7fd883ab4000 ---p 00007000 08:12 205784384                  /lib/x86_64-linux-gnu/librt-2.23.so
7fd883ab4000-7fd883ab5000 r--p 00006000 08:12 205784384                  /lib/x86_64-linux-gnu/librt-2.23.so
7fd883ab5000-7fd883ab6000 rw-p 00007000 08:12 205784384                  /lib/x86_64-linux-gnu/librt-2.23.so
7fd883ab6000-7fd883bbe000 r-xp 00000000 08:12 205783330                  /lib/x86_64-linux-gnu/libm-2.23.so
7fd883bbe000-7fd883dbd000 ---p 00108000 08:12 205783330                  /lib/x86_64-linux-gnu/libm-2.23.so
7fd883dbd000-7fd883dbe000 r--p 00107000 08:12 205783330                  /lib/x86_64-linux-gnu/libm-2.23.so
7fd883dbe000-7fd883dbf000 rw-p 00108000 08:12 205783330                  /lib/x86_64-linux-gnu/libm-2.23.so
7fd883dbf000-7fd884a98000 r-xp 00000000 08:12 14550887                   /usr/lib/jvm/java-8-oracle/jre/lib/amd64/server/libjvm.so
7fd884a98000-7fd884c97000 ---p 00cd9000 08:12 14550887                   /usr/lib/jvm/java-8-oracle/jre/lib/amd64/server/libjvm.so
7fd884c97000-7fd884d70000 rw-p 00cd8000 08:12 14550887                   /usr/lib/jvm/java-8-oracle/jre/lib/amd64/server/libjvm.so
7fd884d70000-7fd884dbc000 rw-p 00000000 00:00 0 
7fd884dbc000-7fd884f7c000 r-xp 00000000 08:12 205784350                  /lib/x86_64-linux-gnu/libc-2.23.so
7fd884f7c000-7fd88517c000 ---p 001c0000 08:12 205784350                  /lib/x86_64-linux-gnu/libc-2.23.so
7fd88517c000-7fd885180000 r--p 001c0000 08:12 205784350                  /lib/x86_64-linux-gnu/libc-2.23.so
7fd885180000-7fd885182000 rw-p 001c4000 08:12 205784350                  /lib/x86_64-linux-gnu/libc-2.23.so
7fd885182000-7fd885186000 rw-p 00000000 00:00 0 
7fd885186000-7fd885189000 r-xp 00000000 08:12 205784368                  /lib/x86_64-linux-gnu/libdl-2.23.so
7fd885189000-7fd885388000 ---p 00003000 08:12 205784368                  /lib/x86_64-linux-gnu/libdl-2.23.so
7fd885388000-7fd885389000 r--p 00002000 08:12 205784368                  /lib/x86_64-linux-gnu/libdl-2.23.so
7fd885389000-7fd88538a000 rw-p 00003000 08:12 205784368                  /lib/x86_64-linux-gnu/libdl-2.23.so
7fd88538a000-7fd8853a0000 r-xp 00000000 08:12 14419258                   /usr/lib/jvm/java-8-oracle/jre/lib/amd64/jli/libjli.so
7fd8853a0000-7fd88559f000 ---p 00016000 08:12 14419258                   /usr/lib/jvm/java-8-oracle/jre/lib/amd64/jli/libjli.so
7fd88559f000-7fd8855a0000 rw-p 00015000 08:12 14419258                   /usr/lib/jvm/java-8-oracle/jre/lib/amd64/jli/libjli.so
7fd8855a0000-7fd8855b8000 r-xp 00000000 08:12 205784346                  /lib/x86_64-linux-gnu/libpthread-2.23.so
7fd8855b8000-7fd8857b7000 ---p 00018000 08:12 205784346                  /lib/x86_64-linux-gnu/libpthread-2.23.so
7fd8857b7000-7fd8857b8000 r--p 00017000 08:12 205784346                  /lib/x86_64-linux-gnu/libpthread-2.23.so
7fd8857b8000-7fd8857b9000 rw-p 00018000 08:12 205784346                  /lib/x86_64-linux-gnu/libpthread-2.23.so
7fd8857b9000-7fd8857bd000 rw-p 00000000 00:00 0 
7fd8857bd000-7fd8857e3000 r-xp 00000000 08:12 205783820                  /lib/x86_64-linux-gnu/ld-2.23.so
7fd8857f8000-7fd8857fd000 r--s 0009d000 08:12 14289394                   /usr/lib/jvm/java-8-oracle/jre/lib/jsse.jar
7fd8857fd000-7fd8858a7000 rw-p 00000000 00:00 0 
7fd8858a7000-7fd8858aa000 ---p 00000000 00:00 0 
7fd8858aa000-7fd8859ac000 rw-p 00000000 00:00 0 
7fd8859af000-7fd8859d7000 rw-p 00000000 00:00 0 
7fd8859d7000-7fd8859df000 rw-s 00000000 08:12 97910793                   /tmp/hsperfdata_jupyter/7262
7fd8859df000-7fd8859e0000 rw-p 00000000 00:00 0 
7fd8859e0000-7fd8859e1000 ---p 00000000 00:00 0 
7fd8859e1000-7fd8859e2000 rw-p 00000000 00:00 0 
7fd8859e2000-7fd8859e3000 r--p 00025000 08:12 205783820                  /lib/x86_64-linux-gnu/ld-2.23.so
7fd8859e3000-7fd8859e4000 rw-p 00026000 08:12 205783820                  /lib/x86_64-linux-gnu/ld-2.23.so
7fd8859e4000-7fd8859e5000 rw-p 00000000 00:00 0 
7ffff2816000-7ffff2838000 rw-p 00000000 00:00 0                          [stack]
7ffff28d2000-7ffff28d5000 r--p 00000000 00:00 0                          [vvar]
7ffff28d5000-7ffff28d7000 r-xp 00000000 00:00 0                          [vdso]
ffffffffff600000-ffffffffff601000 r-xp 00000000 00:00 0                  [vsyscall]

VM Arguments:
java_command: tracks.singleLearning.utils.JavaServer -gameId 0 -gamesDir /home/jupyter/Notebooks/ruben/gvgai-gym_2/gym_gvgai/envs/gvgai
java_class_path (initial): server-out
Launcher Type: SUN_STANDARD

Environment Variables:
JAVA_HOME=/usr/lib/jvm/java-8-oracle
PATH=/home/jupyter/anaconda3/bin:/usr/local/cuda-9.0/bin:/usr/local/cuda/bin:/home/jupyter/anaconda3/bin:/usr/local/cuda-9.0/bin:/usr/local/cuda/bin:/home/jupyter/anaconda3/bin:/usr/local/sbin:/usr/local/bin:/usr/sbin:/usr/bin:/sbin:/bin:/usr/games:/usr/local/games:/snap/bin:/usr/lib/jvm/java-8-oracle/bin:/usr/lib/jvm/java-8-oracle/db/bin:/usr/lib/jvm/java-8-oracle/jre/bin:/usr/lib/jvm/java-8-oracle/bin:/usr/lib/jvm/java-8-oracle/db/bin:/usr/lib/jvm/java-8-oracle/jre/bin
LD_LIBRARY_PATH=/usr/local/cuda-9.0/lib64:/usr/local/cuda-9.0/lib64::/usr/local/cuda/lib64:/usr/local/cuda/lib64
SHELL=/bin/bash
DISPLAY=:0
DYLD_LIBRARY_PATH=:/usr/local/cuda/lib:/usr/local/cuda/lib

Signal Handlers:
SIGSEGV: [libjvm.so+0xad01e0], sa_mask[0]=11111111011111111101111111111110, sa_flags=SA_RESTART|SA_SIGINFO
SIGBUS: [libjvm.so+0xad01e0], sa_mask[0]=11111111011111111101111111111110, sa_flags=SA_RESTART|SA_SIGINFO
SIGFPE: [libjvm.so+0x927fb0], sa_mask[0]=11111111011111111101111111111110, sa_flags=SA_RESTART|SA_SIGINFO
SIGPIPE: [libjvm.so+0x927fb0], sa_mask[0]=11111111011111111101111111111110, sa_flags=SA_RESTART|SA_SIGINFO
SIGXFSZ: [libjvm.so+0x927fb0], sa_mask[0]=11111111011111111101111111111110, sa_flags=SA_RESTART|SA_SIGINFO
SIGILL: [libjvm.so+0x927fb0], sa_mask[0]=11111111011111111101111111111110, sa_flags=SA_RESTART|SA_SIGINFO
SIGUSR1: SIG_DFL, sa_mask[0]=00000000000000000000000000000000, sa_flags=none
SIGUSR2: [libjvm.so+0x9297f0], sa_mask[0]=00000000000000000000000000000000, sa_flags=SA_RESTART|SA_SIGINFO
SIGHUP: [libjvm.so+0x92abf0], sa_mask[0]=11111111011111111101111111111110, sa_flags=SA_RESTART|SA_SIGINFO
SIGINT: [libjvm.so+0x92abf0], sa_mask[0]=11111111011111111101111111111110, sa_flags=SA_RESTART|SA_SIGINFO
SIGTERM: [libjvm.so+0x92abf0], sa_mask[0]=11111111011111111101111111111110, sa_flags=SA_RESTART|SA_SIGINFO
SIGQUIT: [libjvm.so+0x92abf0], sa_mask[0]=11111111011111111101111111111110, sa_flags=SA_RESTART|SA_SIGINFO


---------------  S Y S T E M  ---------------

OS:DISTRIB_ID=Ubuntu
DISTRIB_RELEASE=16.04
DISTRIB_CODENAME=xenial
DISTRIB_DESCRIPTION="Ubuntu 16.04.4 LTS"

uname:Linux 4.4.0-116-generic #140-Ubuntu SMP Mon Feb 12 21:23:04 UTC 2018 x86_64
libc:glibc 2.23 NPTL 2.23 
rlimit: STACK 8192k, CORE 0k, NPROC 256354, NOFILE 1048576, AS infinity
load average:15.71 15.53 16.10

/proc/meminfo:
MemTotal:       65885876 kB
MemFree:          360620 kB
MemAvailable:     230968 kB
Buffers:           72380 kB
Cached:           256340 kB
SwapCached:        30640 kB
Active:         61925672 kB
Inactive:        3059392 kB
Active(anon):   61729580 kB
Inactive(anon):  2960464 kB
Active(file):     196092 kB
Inactive(file):    98928 kB
Unevictable:          48 kB
Mlocked:              48 kB
SwapTotal:      16686076 kB
SwapFree:         523888 kB
Dirty:               320 kB
Writeback:         18608 kB
AnonPages:      64635000 kB
Mapped:            86464 kB
Shmem:             33412 kB
Slab:             123088 kB
SReclaimable:      53772 kB
SUnreclaim:        69316 kB
KernelStack:       16960 kB
PageTables:       197028 kB
NFS_Unstable:          0 kB
Bounce:                0 kB
WritebackTmp:          0 kB
CommitLimit:    49629012 kB
Committed_AS:   104448800 kB
VmallocTotal:   34359738367 kB
VmallocUsed:           0 kB
VmallocChunk:          0 kB
HardwareCorrupted:     0 kB
AnonHugePages:  22288384 kB
CmaTotal:              0 kB
CmaFree:               0 kB
HugePages_Total:       0
HugePages_Free:        0
HugePages_Rsvd:        0
HugePages_Surp:        0
Hugepagesize:       2048 kB
DirectMap4k:      519556 kB
DirectMap2M:     9875456 kB
DirectMap1G:    58720256 kB


CPU:total 12 (initial active 12) (6 cores per cpu, 2 threads per core) family 6 model 63 stepping 2, cmov, cx8, fxsr, mmx, sse, sse2, sse3, ssse3, sse4.1, sse4.2, popcnt, avx, avx2, aes, clmul, erms, lzcnt, ht, tsc, tscinvbit, bmi1, bmi2

/proc/cpuinfo:
processor	: 0
vendor_id	: GenuineIntel
cpu family	: 6
model		: 63
model name	: Intel(R) Core(TM) i7-5930K CPU @ 3.50GHz
stepping	: 2
microcode	: 0x3a
cpu MHz		: 4099.921
cache size	: 15360 KB
physical id	: 0
siblings	: 12
core id		: 0
cpu cores	: 6
apicid		: 0
initial apicid	: 0
fpu		: yes
fpu_exception	: yes
cpuid level	: 15
wp		: yes
flags		: fpu vme de pse tsc msr pae mce cx8 apic sep mtrr pge mca cmov pat pse36 clflush dts acpi mmx fxsr sse sse2 ss ht tm pbe syscall nx pdpe1gb rdtscp lm constant_tsc arch_perfmon pebs bts rep_good nopl xtopology nonstop_tsc aperfmperf eagerfpu pni pclmulqdq dtes64 monitor ds_cpl vmx est tm2 ssse3 sdbg fma cx16 xtpr pdcm pcid dca sse4_1 sse4_2 x2apic movbe popcnt tsc_deadline_timer aes xsave avx f16c rdrand lahf_lm abm epb invpcid_single retpoline kaiser tpr_shadow vnmi flexpriority ept vpid fsgsbase tsc_adjust bmi1 avx2 smep bmi2 erms invpcid cqm xsaveopt cqm_llc cqm_occup_llc dtherm ida arat pln pts
bugs		: cpu_meltdown spectre_v1 spectre_v2
bogomips	: 7140.07
clflush size	: 64
cache_alignment	: 64
address sizes	: 46 bits physical, 48 bits virtual
power management:

processor	: 1
vendor_id	: GenuineIntel
cpu family	: 6
model		: 63
model name	: Intel(R) Core(TM) i7-5930K CPU @ 3.50GHz
stepping	: 2
microcode	: 0x3a
cpu MHz		: 4099.921
cache size	: 15360 KB
physical id	: 0
siblings	: 12
core id		: 1
cpu cores	: 6
apicid		: 2
initial apicid	: 2
fpu		: yes
fpu_exception	: yes
cpuid level	: 15
wp		: yes
flags		: fpu vme de pse tsc msr pae mce cx8 apic sep mtrr pge mca cmov pat pse36 clflush dts acpi mmx fxsr sse sse2 ss ht tm pbe syscall nx pdpe1gb rdtscp lm constant_tsc arch_perfmon pebs bts rep_good nopl xtopology nonstop_tsc aperfmperf eagerfpu pni pclmulqdq dtes64 monitor ds_cpl vmx est tm2 ssse3 sdbg fma cx16 xtpr pdcm pcid dca sse4_1 sse4_2 x2apic movbe popcnt tsc_deadline_timer aes xsave avx f16c rdrand lahf_lm abm epb invpcid_single retpoline kaiser tpr_shadow vnmi flexpriority ept vpid fsgsbase tsc_adjust bmi1 avx2 smep bmi2 erms invpcid cqm xsaveopt cqm_llc cqm_occup_llc dtherm ida arat pln pts
bugs		: cpu_meltdown spectre_v1 spectre_v2
bogomips	: 7140.07
clflush size	: 64
cache_alignment	: 64
address sizes	: 46 bits physical, 48 bits virtual
power management:

processor	: 2
vendor_id	: GenuineIntel
cpu family	: 6
model		: 63
model name	: Intel(R) Core(TM) i7-5930K CPU @ 3.50GHz
stepping	: 2
microcode	: 0x3a
cpu MHz		: 4099.921
cache size	: 15360 KB
physical id	: 0
siblings	: 12
core id		: 2
cpu cores	: 6
apicid		: 4
initial apicid	: 4
fpu		: yes
fpu_exception	: yes
cpuid level	: 15
wp		: yes
flags		: fpu vme de pse tsc msr pae mce cx8 apic sep mtrr pge mca cmov pat pse36 clflush dts acpi mmx fxsr sse sse2 ss ht tm pbe syscall nx pdpe1gb rdtscp lm constant_tsc arch_perfmon pebs bts rep_good nopl xtopology nonstop_tsc aperfmperf eagerfpu pni pclmulqdq dtes64 monitor ds_cpl vmx est tm2 ssse3 sdbg fma cx16 xtpr pdcm pcid dca sse4_1 sse4_2 x2apic movbe popcnt tsc_deadline_timer aes xsave avx f16c rdrand lahf_lm abm epb invpcid_single retpoline kaiser tpr_shadow vnmi flexpriority ept vpid fsgsbase tsc_adjust bmi1 avx2 smep bmi2 erms invpcid cqm xsaveopt cqm_llc cqm_occup_llc dtherm ida arat pln pts
bugs		: cpu_meltdown spectre_v1 spectre_v2
bogomips	: 7140.07
clflush size	: 64
cache_alignment	: 64
address sizes	: 46 bits physical, 48 bits virtual
power management:

processor	: 3
vendor_id	: GenuineIntel
cpu family	: 6
model		: 63
model name	: Intel(R) Core(TM) i7-5930K CPU @ 3.50GHz
stepping	: 2
microcode	: 0x3a
cpu MHz		: 4099.921
cache size	: 15360 KB
physical id	: 0
siblings	: 12
core id		: 3
cpu cores	: 6
apicid		: 6
initial apicid	: 6
fpu		: yes
fpu_exception	: yes
cpuid level	: 15
wp		: yes
flags		: fpu vme de pse tsc msr pae mce cx8 apic sep mtrr pge mca cmov pat pse36 clflush dts acpi mmx fxsr sse sse2 ss ht tm pbe syscall nx pdpe1gb rdtscp lm constant_tsc arch_perfmon pebs bts rep_good nopl xtopology nonstop_tsc aperfmperf eagerfpu pni pclmulqdq dtes64 monitor ds_cpl vmx est tm2 ssse3 sdbg fma cx16 xtpr pdcm pcid dca sse4_1 sse4_2 x2apic movbe popcnt tsc_deadline_timer aes xsave avx f16c rdrand lahf_lm abm epb invpcid_single retpoline kaiser tpr_shadow vnmi flexpriority ept vpid fsgsbase tsc_adjust bmi1 avx2 smep bmi2 erms invpcid cqm xsaveopt cqm_llc cqm_occup_llc dtherm ida arat pln pts
bugs		: cpu_meltdown spectre_v1 spectre_v2
bogomips	: 7140.07
clflush size	: 64
cache_alignment	: 64
address sizes	: 46 bits physical, 48 bits virtual
power management:

processor	: 4
vendor_id	: GenuineIntel
cpu family	: 6
model		: 63
model name	: Intel(R) Core(TM) i7-5930K CPU @ 3.50GHz
stepping	: 2
microcode	: 0x3a
cpu MHz		: 4099.921
cache size	: 15360 KB
physical id	: 0
siblings	: 12
core id		: 4
cpu cores	: 6
apicid		: 8
initial apicid	: 8
fpu		: yes
fpu_exception	: yes
cpuid level	: 15
wp		: yes
flags		: fpu vme de pse tsc msr pae mce cx8 apic sep mtrr pge mca cmov pat pse36 clflush dts acpi mmx fxsr sse sse2 ss ht tm pbe syscall nx pdpe1gb rdtscp lm constant_tsc arch_perfmon pebs bts rep_good nopl xtopology nonstop_tsc aperfmperf eagerfpu pni pclmulqdq dtes64 monitor ds_cpl vmx est tm2 ssse3 sdbg fma cx16 xtpr pdcm pcid dca sse4_1 sse4_2 x2apic movbe popcnt tsc_deadline_timer aes xsave avx f16c rdrand lahf_lm abm epb invpcid_single retpoline kaiser tpr_shadow vnmi flexpriority ept vpid fsgsbase tsc_adjust bmi1 avx2 smep bmi2 erms invpcid cqm xsaveopt cqm_llc cqm_occup_llc dtherm ida arat pln pts
bugs		: cpu_meltdown spectre_v1 spectre_v2
bogomips	: 7140.07
clflush size	: 64
cache_alignment	: 64
address sizes	: 46 bits physical, 48 bits virtual
power management:

processor	: 5
vendor_id	: GenuineIntel
cpu family	: 6
model		: 63
model name	: Intel(R) Core(TM) i7-5930K CPU @ 3.50GHz
stepping	: 2
microcode	: 0x3a
cpu MHz		: 4099.921
cache size	: 15360 KB
physical id	: 0
siblings	: 12
core id		: 5
cpu cores	: 6
apicid		: 10
initial apicid	: 10
fpu		: yes
fpu_exception	: yes
cpuid level	: 15
wp		: yes
flags		: fpu vme de pse tsc msr pae mce cx8 apic sep mtrr pge mca cmov pat pse36 clflush dts acpi mmx fxsr sse sse2 ss ht tm pbe syscall nx pdpe1gb rdtscp lm constant_tsc arch_perfmon pebs bts rep_good nopl xtopology nonstop_tsc aperfmperf eagerfpu pni pclmulqdq dtes64 monitor ds_cpl vmx est tm2 ssse3 sdbg fma cx16 xtpr pdcm pcid dca sse4_1 sse4_2 x2apic movbe popcnt tsc_deadline_timer aes xsave avx f16c rdrand lahf_lm abm epb invpcid_single retpoline kaiser tpr_shadow vnmi flexpriority ept vpid fsgsbase tsc_adjust bmi1 avx2 smep bmi2 erms invpcid cqm xsaveopt cqm_llc cqm_occup_llc dtherm ida arat pln pts
bugs		: cpu_meltdown spectre_v1 spectre_v2
bogomips	: 7140.07
clflush size	: 64
cache_alignment	: 64
address sizes	: 46 bits physical, 48 bits virtual
power management:

processor	: 6
vendor_id	: GenuineIntel
cpu family	: 6
model		: 63
model name	: Intel(R) Core(TM) i7-5930K CPU @ 3.50GHz
stepping	: 2
microcode	: 0x3a
cpu MHz		: 4099.921
cache size	: 15360 KB
physical id	: 0
siblings	: 12
core id		: 0
cpu cores	: 6
apicid		: 1
initial apicid	: 1
fpu		: yes
fpu_exception	: yes
cpuid level	: 15
wp		: yes
flags		: fpu vme de pse tsc msr pae mce cx8 apic sep mtrr pge mca cmov pat pse36 clflush dts acpi mmx fxsr sse sse2 ss ht tm pbe syscall nx pdpe1gb rdtscp lm constant_tsc arch_perfmon pebs bts rep_good nopl xtopology nonstop_tsc aperfmperf eagerfpu pni pclmulqdq dtes64 monitor ds_cpl vmx est tm2 ssse3 sdbg fma cx16 xtpr pdcm pcid dca sse4_1 sse4_2 x2apic movbe popcnt tsc_deadline_timer aes xsave avx f16c rdrand lahf_lm abm epb invpcid_single retpoline kaiser tpr_shadow vnmi flexpriority ept vpid fsgsbase tsc_adjust bmi1 avx2 smep bmi2 erms invpcid cqm xsaveopt cqm_llc cqm_occup_llc dtherm ida arat pln pts
bugs		: cpu_meltdown spectre_v1 spectre_v2
bogomips	: 7140.07
clflush size	: 64
cache_alignment	: 64
address sizes	: 46 bits physical, 48 bits virtual
power management:

processor	: 7
vendor_id	: GenuineIntel
cpu family	: 6
model		: 63
model name	: Intel(R) Core(TM) i7-5930K CPU @ 3.50GHz
stepping	: 2
microcode	: 0x3a
cpu MHz		: 4099.921
cache size	: 15360 KB
physical id	: 0
siblings	: 12
core id		: 1
cpu cores	: 6
apicid		: 3
initial apicid	: 3
fpu		: yes
fpu_exception	: yes
cpuid level	: 15
wp		: yes
flags		: fpu vme de pse tsc msr pae mce cx8 apic sep mtrr pge mca cmov pat pse36 clflush dts acpi mmx fxsr sse sse2 ss ht tm pbe syscall nx pdpe1gb rdtscp lm constant_tsc arch_perfmon pebs bts rep_good nopl xtopology nonstop_tsc aperfmperf eagerfpu pni pclmulqdq dtes64 monitor ds_cpl vmx est tm2 ssse3 sdbg fma cx16 xtpr pdcm pcid dca sse4_1 sse4_2 x2apic movbe popcnt tsc_deadline_timer aes xsave avx f16c rdrand lahf_lm abm epb invpcid_single retpoline kaiser tpr_shadow vnmi flexpriority ept vpid fsgsbase tsc_adjust bmi1 avx2 smep bmi2 erms invpcid cqm xsaveopt cqm_llc cqm_occup_llc dtherm ida arat pln pts
bugs		: cpu_meltdown spectre_v1 spectre_v2
bogomips	: 7140.07
clflush size	: 64
cache_alignment	: 64
address sizes	: 46 bits physical, 48 bits virtual
power management:

processor	: 8
vendor_id	: GenuineIntel
cpu family	: 6
model		: 63
model name	: Intel(R) Core(TM) i7-5930K CPU @ 3.50GHz
stepping	: 2
microcode	: 0x3a
cpu MHz		: 4099.921
cache size	: 15360 KB
physical id	: 0
siblings	: 12
core id		: 2
cpu cores	: 6
apicid		: 5
initial apicid	: 5
fpu		: yes
fpu_exception	: yes
cpuid level	: 15
wp		: yes
flags		: fpu vme de pse tsc msr pae mce cx8 apic sep mtrr pge mca cmov pat pse36 clflush dts acpi mmx fxsr sse sse2 ss ht tm pbe syscall nx pdpe1gb rdtscp lm constant_tsc arch_perfmon pebs bts rep_good nopl xtopology nonstop_tsc aperfmperf eagerfpu pni pclmulqdq dtes64 monitor ds_cpl vmx est tm2 ssse3 sdbg fma cx16 xtpr pdcm pcid dca sse4_1 sse4_2 x2apic movbe popcnt tsc_deadline_timer aes xsave avx f16c rdrand lahf_lm abm epb invpcid_single retpoline kaiser tpr_shadow vnmi flexpriority ept vpid fsgsbase tsc_adjust bmi1 avx2 smep bmi2 erms invpcid cqm xsaveopt cqm_llc cqm_occup_llc dtherm ida arat pln pts
bugs		: cpu_meltdown spectre_v1 spectre_v2
bogomips	: 7140.07
clflush size	: 64
cache_alignment	: 64
address sizes	: 46 bits physical, 48 bits virtual
power management:

processor	: 9
vendor_id	: GenuineIntel
cpu family	: 6
model		: 63
model name	: Intel(R) Core(TM) i7-5930K CPU @ 3.50GHz
stepping	: 2
microcode	: 0x3a
cpu MHz		: 4099.921
cache size	: 15360 KB
physical id	: 0
siblings	: 12
core id		: 3
cpu cores	: 6
apicid		: 7
initial apicid	: 7
fpu		: yes
fpu_exception	: yes
cpuid level	: 15
wp		: yes
flags		: fpu vme de pse tsc msr pae mce cx8 apic sep mtrr pge mca cmov pat pse36 clflush dts acpi mmx fxsr sse sse2 ss ht tm pbe syscall nx pdpe1gb rdtscp lm constant_tsc arch_perfmon pebs bts rep_good nopl xtopology nonstop_tsc aperfmperf eagerfpu pni pclmulqdq dtes64 monitor ds_cpl vmx est tm2 ssse3 sdbg fma cx16 xtpr pdcm pcid dca sse4_1 sse4_2 x2apic movbe popcnt tsc_deadline_timer aes xsave avx f16c rdrand lahf_lm abm epb invpcid_single retpoline kaiser tpr_shadow vnmi flexpriority ept vpid fsgsbase tsc_adjust bmi1 avx2 smep bmi2 erms invpcid cqm xsaveopt cqm_llc cqm_occup_llc dtherm ida arat pln pts
bugs		: cpu_meltdown spectre_v1 spectre_v2
bogomips	: 7140.07
clflush size	: 64
cache_alignment	: 64
address sizes	: 46 bits physical, 48 bits virtual
power management:

processor	: 10
vendor_id	: GenuineIntel
cpu family	: 6
model		: 63
model name	: Intel(R) Core(TM) i7-5930K CPU @ 3.50GHz
stepping	: 2
microcode	: 0x3a
cpu MHz		: 4099.921
cache size	: 15360 KB
physical id	: 0
siblings	: 12
core id		: 4
cpu cores	: 6
apicid		: 9
initial apicid	: 9
fpu		: yes
fpu_exception	: yes
cpuid level	: 15
wp		: yes
flags		: fpu vme de pse tsc msr pae mce cx8 apic sep mtrr pge mca cmov pat pse36 clflush dts acpi mmx fxsr sse sse2 ss ht tm pbe syscall nx pdpe1gb rdtscp lm constant_tsc arch_perfmon pebs bts rep_good nopl xtopology nonstop_tsc aperfmperf eagerfpu pni pclmulqdq dtes64 monitor ds_cpl vmx est tm2 ssse3 sdbg fma cx16 xtpr pdcm pcid dca sse4_1 sse4_2 x2apic movbe popcnt tsc_deadline_timer aes xsave avx f16c rdrand lahf_lm abm epb invpcid_single retpoline kaiser tpr_shadow vnmi flexpriority ept vpid fsgsbase tsc_adjust bmi1 avx2 smep bmi2 erms invpcid cqm xsaveopt cqm_llc cqm_occup_llc dtherm ida arat pln pts
bugs		: cpu_meltdown spectre_v1 spectre_v2
bogomips	: 7140.07
clflush size	: 64
cache_alignment	: 64
address sizes	: 46 bits physical, 48 bits virtual
power management:

processor	: 11
vendor_id	: GenuineIntel
cpu family	: 6
model		: 63
model name	: Intel(R) Core(TM) i7-5930K CPU @ 3.50GHz
stepping	: 2
microcode	: 0x3a
cpu MHz		: 4099.921
cache size	: 15360 KB
physical id	: 0
siblings	: 12
core id		: 5
cpu cores	: 6
apicid		: 11
initial apicid	: 11
fpu		: yes
fpu_exception	: yes
cpuid level	: 15
wp		: yes
flags		: fpu vme de pse tsc msr pae mce cx8 apic sep mtrr pge mca cmov pat pse36 clflush dts acpi mmx fxsr sse sse2 ss ht tm pbe syscall nx pdpe1gb rdtscp lm constant_tsc arch_perfmon pebs bts rep_good nopl xtopology nonstop_tsc aperfmperf eagerfpu pni pclmulqdq dtes64 monitor ds_cpl vmx est tm2 ssse3 sdbg fma cx16 xtpr pdcm pcid dca sse4_1 sse4_2 x2apic movbe popcnt tsc_deadline_timer aes xsave avx f16c rdrand lahf_lm abm epb invpcid_single retpoline kaiser tpr_shadow vnmi flexpriority ept vpid fsgsbase tsc_adjust bmi1 avx2 smep bmi2 erms invpcid cqm xsaveopt cqm_llc cqm_occup_llc dtherm ida arat pln pts
bugs		: cpu_meltdown spectre_v1 spectre_v2
bogomips	: 7140.07
clflush size	: 64
cache_alignment	: 64
address sizes	: 46 bits physical, 48 bits virtual
power management:



Memory: 4k page, physical 65885876k(360620k free), swap 16686076k(523888k free)

vm_info: Java HotSpot(TM) 64-Bit Server VM (25.161-b12) for linux-amd64 JRE (1.8.0_161-b12), built on Dec 19 2017 16:12:43 by "java_re" with gcc 4.3.0 20080428 (Red Hat 4.3.0-8)

time: Fri Mar  2 13:36:45 2018
elapsed time: 77 seconds (0d 0h 1m 17s)

